n:\Linux ot\work_4_ZFS>vagrant up
Bringing machine 'zfs' up with 'virtualbox' provider...
==> zfs: Importing base box 'centos/7'...
==> zfs: Matching MAC address for NAT networking...
==> zfs: Checking if box 'centos/7' version '2004.01' is up to date...
==> zfs: Setting the name of the VM: work_4_ZFS_zfs_1654191295170_81696
==> zfs: Clearing any previously set network interfaces...
==> zfs: Preparing network interfaces based on configuration...
    zfs: Adapter 1: nat
==> zfs: Forwarding ports...
    zfs: 22 (guest) => 2222 (host) (adapter 1)
==> zfs: Running 'pre-boot' VM customizations...
==> zfs: Booting VM...
==> zfs: Waiting for machine to boot. This may take a few minutes...
    zfs: SSH address: 127.0.0.1:2222
    zfs: SSH username: vagrant
    zfs: SSH auth method: private key
    zfs:
    zfs: Vagrant insecure key detected. Vagrant will automatically replace
    zfs: this with a newly generated keypair for better security.
    zfs:
    zfs: Inserting generated public key within guest...
    zfs: Removing insecure key from the guest if it's present...
    zfs: Key inserted! Disconnecting and reconnecting using new SSH key...
==> zfs: Machine booted and ready!
==> zfs: Checking for guest additions in VM...
    zfs: No guest additions were detected on the base box for this VM! Guest
    zfs: additions are required for forwarded ports, shared folders, host only
    zfs: networking, and more. If SSH fails on this machine, please install
    zfs: the guest additions and repackage the box to continue.
    zfs:
    zfs: This is not an error message; everything may continue to work properly,
    zfs: in which case you may ignore this message.
==> zfs: Setting hostname...
==> zfs: Rsyncing folder: /cygdrive/n/Linux ot/work_4_ZFS/ => /vagrant
==> zfs: Running provisioner: shell...
    zfs: Running: inline script
    zfs: Loaded plugins: fastestmirror
    zfs: Examining /var/tmp/yum-root-4SBBt_/zfs-release.el7_8.noarch.rpm: zfs-release-1-7.8.noarch
    zfs: Marking /var/tmp/yum-root-4SBBt_/zfs-release.el7_8.noarch.rpm to be installed
    zfs: Resolving Dependencies
    zfs: --> Running transaction check
    zfs: ---> Package zfs-release.noarch 0:1-7.8 will be installed
    zfs: --> Finished Dependency Resolution
    zfs:
    zfs: Dependencies Resolved
    zfs:
    zfs: ================================================================================
    zfs:  Package          Arch        Version      Repository                      Size
    zfs: ================================================================================
    zfs: Installing:
    zfs:  zfs-release      noarch      1-7.8        /zfs-release.el7_8.noarch      2.9 k
    zfs:
    zfs: Transaction Summary
    zfs: ================================================================================
    zfs: Install  1 Package
    zfs:
    zfs: Total size: 2.9 k
    zfs: Installed size: 2.9 k
    zfs: Downloading packages:
    zfs: Running transaction check
    zfs: Running transaction test
    zfs: Transaction test succeeded
    zfs: Running transaction
    zfs:   Installing : zfs-release-1-7.8.noarch                                     1/1
    zfs:   Verifying  : zfs-release-1-7.8.noarch                                     1/1
    zfs:
    zfs: Installed:
    zfs:   zfs-release.noarch 0:1-7.8
    zfs:
    zfs: Complete!
    zfs: Loaded plugins: fastestmirror
    zfs: Determining fastest mirrors
    zfs:  * base: mirror.nforce.com
    zfs:  * extras: mirror.nforce.com
    zfs:  * updates: mirror.nforce.com
    zfs: Resolving Dependencies
    zfs: --> Running transaction check
    zfs: ---> Package epel-release.noarch 0:7-11 will be installed
    zfs: ---> Package kernel-devel.x86_64 0:3.10.0-1160.66.1.el7 will be installed
    zfs: --> Processing Dependency: perl for package: kernel-devel-3.10.0-1160.66.1.el7.x86_64
    zfs: ---> Package zfs.x86_64 0:0.8.5-1.el7 will be installed
    zfs: --> Processing Dependency: zfs-kmod = 0.8.5 for package: zfs-0.8.5-1.el7.x86_64
    zfs: --> Processing Dependency: libzpool2 = 0.8.5 for package: zfs-0.8.5-1.el7.x86_64
    zfs: --> Processing Dependency: libzfs2 = 0.8.5 for package: zfs-0.8.5-1.el7.x86_64
    zfs: --> Processing Dependency: libuutil1 = 0.8.5 for package: zfs-0.8.5-1.el7.x86_64
    zfs: --> Processing Dependency: libnvpair1 = 0.8.5 for package: zfs-0.8.5-1.el7.x86_64
    zfs: --> Processing Dependency: sysstat for package: zfs-0.8.5-1.el7.x86_64
    zfs: --> Processing Dependency: libzpool.so.2()(64bit) for package: zfs-0.8.5-1.el7.x86_64
    zfs: --> Processing Dependency: libzfs_core.so.1()(64bit) for package: zfs-0.8.5-1.el7.x86_64
    zfs: --> Processing Dependency: libzfs.so.2()(64bit) for package: zfs-0.8.5-1.el7.x86_64
    zfs: --> Processing Dependency: libuutil.so.1()(64bit) for package: zfs-0.8.5-1.el7.x86_64
    zfs: --> Processing Dependency: libnvpair.so.1()(64bit) for package: zfs-0.8.5-1.el7.x86_64
    zfs: --> Running transaction check
    zfs: ---> Package libnvpair1.x86_64 0:0.8.5-1.el7 will be installed
    zfs: ---> Package libuutil1.x86_64 0:0.8.5-1.el7 will be installed
    zfs: ---> Package libzfs2.x86_64 0:0.8.5-1.el7 will be installed
    zfs: ---> Package libzpool2.x86_64 0:0.8.5-1.el7 will be installed
    zfs: ---> Package perl.x86_64 4:5.16.3-299.el7_9 will be installed
    zfs: --> Processing Dependency: perl-libs = 4:5.16.3-299.el7_9 for package: 4:perl-5.16.3-299.el7_9.x86_64
    zfs: --> Processing Dependency: perl(Socket) >= 1.3 for package: 4:perl-5.16.3-299.el7_9.x86_64
    zfs: --> Processing Dependency: perl(Scalar::Util) >= 1.10 for package: 4:perl-5.16.3-299.el7_9.x86_64
    zfs: --> Processing Dependency: perl-macros for package: 4:perl-5.16.3-299.el7_9.x86_64
    zfs: --> Processing Dependency: perl-libs for package: 4:perl-5.16.3-299.el7_9.x86_64
    zfs: --> Processing Dependency: perl(threads::shared) for package: 4:perl-5.16.3-299.el7_9.x86_64
    zfs: --> Processing Dependency: perl(threads) for package: 4:perl-5.16.3-299.el7_9.x86_64
    zfs: --> Processing Dependency: perl(constant) for package: 4:perl-5.16.3-299.el7_9.x86_64
    zfs: --> Processing Dependency: perl(Time::Local) for package: 4:perl-5.16.3-299.el7_9.x86_64
    zfs: --> Processing Dependency: perl(Time::HiRes) for package: 4:perl-5.16.3-299.el7_9.x86_64
    zfs: --> Processing Dependency: perl(Storable) for package: 4:perl-5.16.3-299.el7_9.x86_64
    zfs: --> Processing Dependency: perl(Socket) for package: 4:perl-5.16.3-299.el7_9.x86_64
    zfs: --> Processing Dependency: perl(Scalar::Util) for package: 4:perl-5.16.3-299.el7_9.x86_64
    zfs: --> Processing Dependency: perl(Pod::Simple::XHTML) for package: 4:perl-5.16.3-299.el7_9.x86_64
    zfs: --> Processing Dependency: perl(Pod::Simple::Search) for package: 4:perl-5.16.3-299.el7_9.x86_64
    zfs: --> Processing Dependency: perl(Getopt::Long) for package: 4:perl-5.16.3-299.el7_9.x86_64
    zfs: --> Processing Dependency: perl(Filter::Util::Call) for package: 4:perl-5.16.3-299.el7_9.x86_64
    zfs: --> Processing Dependency: perl(File::Temp) for package: 4:perl-5.16.3-299.el7_9.x86_64
    zfs: --> Processing Dependency: perl(File::Spec::Unix) for package: 4:perl-5.16.3-299.el7_9.x86_64
    zfs: --> Processing Dependency: perl(File::Spec::Functions) for package: 4:perl-5.16.3-299.el7_9.x86_64
    zfs: --> Processing Dependency: perl(File::Spec) for package: 4:perl-5.16.3-299.el7_9.x86_64
    zfs: --> Processing Dependency: perl(File::Path) for package: 4:perl-5.16.3-299.el7_9.x86_64
    zfs: --> Processing Dependency: perl(Exporter) for package: 4:perl-5.16.3-299.el7_9.x86_64
    zfs: --> Processing Dependency: perl(Cwd) for package: 4:perl-5.16.3-299.el7_9.x86_64
    zfs: --> Processing Dependency: perl(Carp) for package: 4:perl-5.16.3-299.el7_9.x86_64
    zfs: --> Processing Dependency: libperl.so()(64bit) for package: 4:perl-5.16.3-299.el7_9.x86_64
    zfs: ---> Package sysstat.x86_64 0:10.1.5-19.el7 will be installed
    zfs: --> Processing Dependency: libsensors.so.4()(64bit) for package: sysstat-10.1.5-19.el7.x86_64
    zfs: ---> Package zfs-dkms.noarch 0:0.8.5-1.el7 will be installed
    zfs: --> Processing Dependency: dkms >= 2.2.0.3 for package: zfs-dkms-0.8.5-1.el7.noarch
    zfs: --> Processing Dependency: gcc for package: zfs-dkms-0.8.5-1.el7.noarch
    zfs: --> Running transaction check
    zfs: ---> Package gcc.x86_64 0:4.8.5-44.el7 will be installed
    zfs: --> Processing Dependency: libgomp = 4.8.5-44.el7 for package: gcc-4.8.5-44.el7.x86_64
    zfs: --> Processing Dependency: cpp = 4.8.5-44.el7 for package: gcc-4.8.5-44.el7.x86_64
    zfs: --> Processing Dependency: libgcc >= 4.8.5-44.el7 for package: gcc-4.8.5-44.el7.x86_64
    zfs: --> Processing Dependency: glibc-devel >= 2.2.90-12 for package: gcc-4.8.5-44.el7.x86_64
    zfs: --> Processing Dependency: libmpfr.so.4()(64bit) for package: gcc-4.8.5-44.el7.x86_64
    zfs: --> Processing Dependency: libmpc.so.3()(64bit) for package: gcc-4.8.5-44.el7.x86_64
    zfs: ---> Package lm_sensors-libs.x86_64 0:3.4.0-8.20160601gitf9185e5.el7 will be installed
    zfs: ---> Package perl-Carp.noarch 0:1.26-244.el7 will be installed
    zfs: ---> Package perl-Exporter.noarch 0:5.68-3.el7 will be installed
    zfs: ---> Package perl-File-Path.noarch 0:2.09-2.el7 will be installed
    zfs: ---> Package perl-File-Temp.noarch 0:0.23.01-3.el7 will be installed
    zfs: ---> Package perl-Filter.x86_64 0:1.49-3.el7 will be installed
    zfs: ---> Package perl-Getopt-Long.noarch 0:2.40-3.el7 will be installed
    zfs: --> Processing Dependency: perl(Pod::Usage) >= 1.14 for package: perl-Getopt-Long-2.40-3.el7.noarch
    zfs: --> Processing Dependency: perl(Text::ParseWords) for package: perl-Getopt-Long-2.40-3.el7.noarch
    zfs: ---> Package perl-PathTools.x86_64 0:3.40-5.el7 will be installed
    zfs: ---> Package perl-Pod-Simple.noarch 1:3.28-4.el7 will be installed
    zfs: --> Processing Dependency: perl(Pod::Escapes) >= 1.04 for package: 1:perl-Pod-Simple-3.28-4.el7.noarch
    zfs: --> Processing Dependency: perl(Encode) for package: 1:perl-Pod-Simple-3.28-4.el7.noarch
    zfs: ---> Package perl-Scalar-List-Utils.x86_64 0:1.27-248.el7 will be installed
    zfs: ---> Package perl-Socket.x86_64 0:2.010-5.el7 will be installed
    zfs: ---> Package perl-Storable.x86_64 0:2.45-3.el7 will be installed
    zfs: ---> Package perl-Time-HiRes.x86_64 4:1.9725-3.el7 will be installed
    zfs: ---> Package perl-Time-Local.noarch 0:1.2300-2.el7 will be installed
    zfs: ---> Package perl-constant.noarch 0:1.27-2.el7 will be installed
    zfs: ---> Package perl-libs.x86_64 4:5.16.3-299.el7_9 will be installed
    zfs: ---> Package perl-macros.x86_64 4:5.16.3-299.el7_9 will be installed
    zfs: ---> Package perl-threads.x86_64 0:1.87-4.el7 will be installed
    zfs: ---> Package perl-threads-shared.x86_64 0:1.43-6.el7 will be installed
    zfs: ---> Package zfs-dkms.noarch 0:0.8.5-1.el7 will be installed
    zfs: --> Processing Dependency: dkms >= 2.2.0.3 for package: zfs-dkms-0.8.5-1.el7.noarch
    zfs: --> Running transaction check
    zfs: ---> Package cpp.x86_64 0:4.8.5-44.el7 will be installed
    zfs: ---> Package glibc-devel.x86_64 0:2.17-326.el7_9 will be installed
    zfs: --> Processing Dependency: glibc-headers = 2.17-326.el7_9 for package: glibc-devel-2.17-326.el7_9.x86_64
    zfs: --> Processing Dependency: glibc = 2.17-326.el7_9 for package: glibc-devel-2.17-326.el7_9.x86_64
    zfs: --> Processing Dependency: glibc-headers for package: glibc-devel-2.17-326.el7_9.x86_64
    zfs: ---> Package libgcc.x86_64 0:4.8.5-39.el7 will be updated
    zfs: ---> Package libgcc.x86_64 0:4.8.5-44.el7 will be an update
    zfs: ---> Package libgomp.x86_64 0:4.8.5-39.el7 will be updated
    zfs: ---> Package libgomp.x86_64 0:4.8.5-44.el7 will be an update
    zfs: ---> Package libmpc.x86_64 0:1.0.1-3.el7 will be installed
    zfs: ---> Package mpfr.x86_64 0:3.1.1-4.el7 will be installed
    zfs: ---> Package perl-Encode.x86_64 0:2.51-7.el7 will be installed
    zfs: ---> Package perl-Pod-Escapes.noarch 1:1.04-299.el7_9 will be installed
    zfs: ---> Package perl-Pod-Usage.noarch 0:1.63-3.el7 will be installed
    zfs: --> Processing Dependency: perl(Pod::Text) >= 3.15 for package: perl-Pod-Usage-1.63-3.el7.noarch
    zfs: --> Processing Dependency: perl-Pod-Perldoc for package: perl-Pod-Usage-1.63-3.el7.noarch
    zfs: ---> Package perl-Text-ParseWords.noarch 0:3.29-4.el7 will be installed
    zfs: ---> Package zfs-dkms.noarch 0:0.8.5-1.el7 will be installed
    zfs: --> Processing Dependency: dkms >= 2.2.0.3 for package: zfs-dkms-0.8.5-1.el7.noarch
    zfs: --> Running transaction check
    zfs: ---> Package glibc.x86_64 0:2.17-307.el7.1 will be updated
    zfs: --> Processing Dependency: glibc = 2.17-307.el7.1 for package: glibc-common-2.17-307.el7.1.x86_64
    zfs: ---> Package glibc.x86_64 0:2.17-326.el7_9 will be an update
    zfs: ---> Package glibc-headers.x86_64 0:2.17-326.el7_9 will be installed
    zfs: --> Processing Dependency: kernel-headers >= 2.2.1 for package: glibc-headers-2.17-326.el7_9.x86_64
    zfs: --> Processing Dependency: kernel-headers for package: glibc-headers-2.17-326.el7_9.x86_64
    zfs: ---> Package perl-Pod-Perldoc.noarch 0:3.20-4.el7 will be installed
    zfs: --> Processing Dependency: perl(parent) for package: perl-Pod-Perldoc-3.20-4.el7.noarch
    zfs: --> Processing Dependency: perl(HTTP::Tiny) for package: perl-Pod-Perldoc-3.20-4.el7.noarch
    zfs: ---> Package perl-podlators.noarch 0:2.5.1-3.el7 will be installed
    zfs: ---> Package zfs-dkms.noarch 0:0.8.5-1.el7 will be installed
    zfs: --> Processing Dependency: dkms >= 2.2.0.3 for package: zfs-dkms-0.8.5-1.el7.noarch
    zfs: --> Running transaction check
    zfs: ---> Package glibc-common.x86_64 0:2.17-307.el7.1 will be updated
    zfs: ---> Package glibc-common.x86_64 0:2.17-326.el7_9 will be an update
    zfs: ---> Package kernel-headers.x86_64 0:3.10.0-1160.66.1.el7 will be installed
    zfs: ---> Package perl-HTTP-Tiny.noarch 0:0.033-3.el7 will be installed
    zfs: ---> Package perl-parent.noarch 1:0.225-244.el7 will be installed
    zfs: ---> Package zfs-dkms.noarch 0:0.8.5-1.el7 will be installed
    zfs: --> Processing Dependency: dkms >= 2.2.0.3 for package: zfs-dkms-0.8.5-1.el7.noarch
    zfs: --> Finished Dependency Resolution
    zfs:  You could try using --skip-broken to work around the problem
    zfs: Error: Package: zfs-dkms-0.8.5-1.el7.noarch (zfs)
    zfs:            Requires: dkms >= 2.2.0.3
    zfs:  You could try running: rpm -Va --nofiles --nodigest
    zfs: Loaded plugins: fastestmirror
    zfs: ================================== repo: zfs ===================================
    zfs: [zfs]
    zfs: async = True
    zfs: bandwidth = 0
    zfs: base_persistdir = /var/lib/yum/repos/x86_64/7
    zfs: baseurl = http://download.zfsonlinux.org/epel/7.8/x86_64/
    zfs: cache = 0
    zfs: cachedir = /var/cache/yum/x86_64/7/zfs
    zfs: check_config_file_age = True
    zfs: compare_providers_priority = 80
    zfs: cost = 1000
    zfs: deltarpm_metadata_percentage = 100
    zfs: deltarpm_percentage =
    zfs: enabled = 0
    zfs: enablegroups = True
    zfs: exclude =
    zfs: failovermethod = priority
    zfs: ftp_disable_epsv = False
    zfs: gpgcadir = /var/lib/yum/repos/x86_64/7/zfs/gpgcadir
    zfs: gpgcakey =
    zfs: gpgcheck = True
    zfs: gpgdir = /var/lib/yum/repos/x86_64/7/zfs/gpgdir
    zfs: gpgkey = file:///etc/pki/rpm-gpg/RPM-GPG-KEY-zfsonlinux
    zfs: hdrdir = /var/cache/yum/x86_64/7/zfs/headers
    zfs: http_caching = all
    zfs: includepkgs =
    zfs: ip_resolve =
    zfs: keepalive = True
    zfs: keepcache = False
    zfs: mddownloadpolicy = sqlite
    zfs: mdpolicy = group:small
    zfs: mediaid =
    zfs: metadata_expire = 604800
    zfs: metadata_expire_filter = read-only:present
    zfs: metalink =
    zfs: minrate = 0
    zfs: mirrorlist =
    zfs: mirrorlist_expire = 86400
    zfs: name = ZFS on Linux for EL7 - dkms
    zfs: old_base_cache_dir =
    zfs: password =
    zfs: persistdir = /var/lib/yum/repos/x86_64/7/zfs
    zfs: pkgdir = /var/cache/yum/x86_64/7/zfs/packages
    zfs: proxy = False
    zfs: proxy_dict =
    zfs: proxy_password =
    zfs: proxy_username =
    zfs: repo_gpgcheck = False
    zfs: retries = 10
    zfs: skip_if_unavailable = False
    zfs: ssl_check_cert_permissions = True
    zfs: sslcacert =
    zfs: sslclientcert =
    zfs: sslclientkey =
    zfs: sslverify = True
    zfs: throttle = 0
    zfs: timeout = 30.0
    zfs: ui_id = zfs/x86_64
    zfs: ui_repoid_vars = releasever,
    zfs:    basearch
    zfs: username =
    zfs:
    zfs: Loaded plugins: fastestmirror
    zfs: ================================ repo: zfs-kmod ================================
    zfs: [zfs-kmod]
    zfs: async = True
    zfs: bandwidth = 0
    zfs: base_persistdir = /var/lib/yum/repos/x86_64/7
    zfs: baseurl = http://download.zfsonlinux.org/epel/7.8/kmod/x86_64/
    zfs: cache = 0
    zfs: cachedir = /var/cache/yum/x86_64/7/zfs-kmod
    zfs: check_config_file_age = True
    zfs: compare_providers_priority = 80
    zfs: cost = 1000
    zfs: deltarpm_metadata_percentage = 100
    zfs: deltarpm_percentage =
    zfs: enabled = 1
    zfs: enablegroups = True
    zfs: exclude =
    zfs: failovermethod = priority
    zfs: ftp_disable_epsv = False
    zfs: gpgcadir = /var/lib/yum/repos/x86_64/7/zfs-kmod/gpgcadir
    zfs: gpgcakey =
    zfs: gpgcheck = True
    zfs: gpgdir = /var/lib/yum/repos/x86_64/7/zfs-kmod/gpgdir
    zfs: gpgkey = file:///etc/pki/rpm-gpg/RPM-GPG-KEY-zfsonlinux
    zfs: hdrdir = /var/cache/yum/x86_64/7/zfs-kmod/headers
    zfs: http_caching = all
    zfs: includepkgs =
    zfs: ip_resolve =
    zfs: keepalive = True
    zfs: keepcache = False
    zfs: mddownloadpolicy = sqlite
    zfs: mdpolicy = group:small
    zfs: mediaid =
    zfs: metadata_expire = 604800
    zfs: metadata_expire_filter = read-only:present
    zfs: metalink =
    zfs: minrate = 0
    zfs: mirrorlist =
    zfs: mirrorlist_expire = 86400
    zfs: name = ZFS on Linux for EL7 - kmod
    zfs: old_base_cache_dir =
    zfs: password =
    zfs: persistdir = /var/lib/yum/repos/x86_64/7/zfs-kmod
    zfs: pkgdir = /var/cache/yum/x86_64/7/zfs-kmod/packages
    zfs: proxy = False
    zfs: proxy_dict =
    zfs: proxy_password =
    zfs: proxy_username =
    zfs: repo_gpgcheck = False
    zfs: retries = 10
    zfs: skip_if_unavailable = False
    zfs: ssl_check_cert_permissions = True
    zfs: sslcacert =
    zfs: sslclientcert =
    zfs: sslclientkey =
    zfs: sslverify = True
    zfs: throttle = 0
    zfs: timeout = 30.0
    zfs: ui_id = zfs-kmod/x86_64
    zfs: ui_repoid_vars = releasever,
    zfs:    basearch
    zfs: username =
    zfs:
    zfs: Loaded plugins: fastestmirror
    zfs: Loading mirror speeds from cached hostfile
    zfs:  * base: mirror.nforce.com
    zfs:  * extras: mirror.nforce.com
    zfs:  * updates: mirror.nforce.com
    zfs: Resolving Dependencies
    zfs: --> Running transaction check
    zfs: ---> Package zfs.x86_64 0:0.8.5-1.el7 will be installed
    zfs: --> Processing Dependency: zfs-kmod = 0.8.5 for package: zfs-0.8.5-1.el7.x86_64
    zfs: --> Processing Dependency: libzpool2 = 0.8.5 for package: zfs-0.8.5-1.el7.x86_64
    zfs: --> Processing Dependency: libzfs2 = 0.8.5 for package: zfs-0.8.5-1.el7.x86_64
    zfs: --> Processing Dependency: libuutil1 = 0.8.5 for package: zfs-0.8.5-1.el7.x86_64
    zfs: --> Processing Dependency: libnvpair1 = 0.8.5 for package: zfs-0.8.5-1.el7.x86_64
    zfs: --> Processing Dependency: sysstat for package: zfs-0.8.5-1.el7.x86_64
    zfs: --> Processing Dependency: libzpool.so.2()(64bit) for package: zfs-0.8.5-1.el7.x86_64
    zfs: --> Processing Dependency: libzfs_core.so.1()(64bit) for package: zfs-0.8.5-1.el7.x86_64
    zfs: --> Processing Dependency: libzfs.so.2()(64bit) for package: zfs-0.8.5-1.el7.x86_64
    zfs: --> Processing Dependency: libuutil.so.1()(64bit) for package: zfs-0.8.5-1.el7.x86_64
    zfs: --> Processing Dependency: libnvpair.so.1()(64bit) for package: zfs-0.8.5-1.el7.x86_64
    zfs: --> Running transaction check
    zfs: ---> Package kmod-zfs.x86_64 0:0.8.5-1.el7 will be installed
    zfs: ---> Package libnvpair1.x86_64 0:0.8.5-1.el7 will be installed
    zfs: ---> Package libuutil1.x86_64 0:0.8.5-1.el7 will be installed
    zfs: ---> Package libzfs2.x86_64 0:0.8.5-1.el7 will be installed
    zfs: ---> Package libzpool2.x86_64 0:0.8.5-1.el7 will be installed
    zfs: ---> Package sysstat.x86_64 0:10.1.5-19.el7 will be installed
    zfs: --> Processing Dependency: libsensors.so.4()(64bit) for package: sysstat-10.1.5-19.el7.x86_64
    zfs: --> Running transaction check
    zfs: ---> Package lm_sensors-libs.x86_64 0:3.4.0-8.20160601gitf9185e5.el7 will be installed
    zfs: --> Finished Dependency Resolution
    zfs:
    zfs: Dependencies Resolved
    zfs:
    zfs: ================================================================================
    zfs:  Package           Arch     Version                            Repository  Size
    zfs: ================================================================================
    zfs: Installing:
    zfs:  zfs               x86_64   0.8.5-1.el7                        zfs-kmod   486 k
    zfs: Installing for dependencies:
    zfs:  kmod-zfs          x86_64   0.8.5-1.el7                        zfs-kmod   1.1 M
    zfs:  libnvpair1        x86_64   0.8.5-1.el7                        zfs-kmod    32 k
    zfs:  libuutil1         x86_64   0.8.5-1.el7                        zfs-kmod    26 k
    zfs:  libzfs2           x86_64   0.8.5-1.el7                        zfs-kmod   208 k
    zfs:  libzpool2         x86_64   0.8.5-1.el7                        zfs-kmod   861 k
    zfs:  lm_sensors-libs   x86_64   3.4.0-8.20160601gitf9185e5.el7     base        42 k
    zfs:  sysstat           x86_64   10.1.5-19.el7                      base       315 k
    zfs:
    zfs: Transaction Summary
    zfs: ================================================================================
    zfs: Install  1 Package (+7 Dependent packages)
    zfs:
    zfs: Total download size: 3.0 M
    zfs: Installed size: 11 M
    zfs: Downloading packages:
    zfs: Public key for sysstat-10.1.5-19.el7.x86_64.rpm is not installed
    zfs: warning: /var/cache/yum/x86_64/7/base/packages/sysstat-10.1.5-19.el7.x86_64.rpm: Header V3 RSA/SHA256 Signature, key ID f4a80eb5: NOKEY
    zfs: --------------------------------------------------------------------------------
    zfs: Total                                               81 kB/s | 3.0 MB  00:38
    zfs: Retrieving key from file:///etc/pki/rpm-gpg/RPM-GPG-KEY-CentOS-7
    zfs: Importing GPG key 0xF4A80EB5:
    zfs:  Userid     : "CentOS-7 Key (CentOS 7 Official Signing Key) <security@centos.org>"
    zfs:  Fingerprint: 6341 ab27 53d7 8a78 a7c2 7bb1 24c6 a8a7 f4a8 0eb5
    zfs:  Package    : centos-release-7-8.2003.0.el7.centos.x86_64 (@anaconda)
    zfs:  From       : /etc/pki/rpm-gpg/RPM-GPG-KEY-CentOS-7
    zfs: Running transaction check
    zfs: Running transaction test
    zfs: Transaction test succeeded
    zfs: Running transaction
    zfs:   Installing : libnvpair1-0.8.5-1.el7.x86_64                                1/8
    zfs:   Installing : libuutil1-0.8.5-1.el7.x86_64                                 2/8
    zfs:   Installing : libzfs2-0.8.5-1.el7.x86_64                                   3/8
    zfs:   Installing : libzpool2-0.8.5-1.el7.x86_64                                 4/8
    zfs:   Installing : lm_sensors-libs-3.4.0-8.20160601gitf9185e5.el7.x86_64        5/8
    zfs:   Installing : sysstat-10.1.5-19.el7.x86_64                                 6/8
    zfs:   Installing : kmod-zfs-0.8.5-1.el7.x86_64                                  7/8
    zfs:   Installing : zfs-0.8.5-1.el7.x86_64                                       8/8
    zfs:   Verifying  : sysstat-10.1.5-19.el7.x86_64                                 1/8
    zfs:   Verifying  : libuutil1-0.8.5-1.el7.x86_64                                 2/8
    zfs:   Verifying  : libzfs2-0.8.5-1.el7.x86_64                                   3/8
    zfs:   Verifying  : zfs-0.8.5-1.el7.x86_64                                       4/8
    zfs:   Verifying  : kmod-zfs-0.8.5-1.el7.x86_64                                  5/8
    zfs:   Verifying  : libnvpair1-0.8.5-1.el7.x86_64                                6/8
    zfs:   Verifying  : lm_sensors-libs-3.4.0-8.20160601gitf9185e5.el7.x86_64        7/8
    zfs:   Verifying  : libzpool2-0.8.5-1.el7.x86_64                                 8/8
    zfs:
    zfs: Installed:
    zfs:   zfs.x86_64 0:0.8.5-1.el7
    zfs:
    zfs: Dependency Installed:
    zfs:   kmod-zfs.x86_64 0:0.8.5-1.el7
    zfs:   libnvpair1.x86_64 0:0.8.5-1.el7
    zfs:   libuutil1.x86_64 0:0.8.5-1.el7
    zfs:   libzfs2.x86_64 0:0.8.5-1.el7
    zfs:   libzpool2.x86_64 0:0.8.5-1.el7
    zfs:   lm_sensors-libs.x86_64 0:3.4.0-8.20160601gitf9185e5.el7
    zfs:   sysstat.x86_64 0:10.1.5-19.el7
    zfs:
    zfs: Complete!
    zfs: Loaded plugins: fastestmirror
    zfs: Loading mirror speeds from cached hostfile
    zfs:  * base: mirror.nforce.com
    zfs:  * extras: mirror.nforce.com
    zfs:  * updates: mirror.nforce.com
    zfs: Resolving Dependencies
    zfs: --> Running transaction check
    zfs: ---> Package wget.x86_64 0:1.14-18.el7_6.1 will be installed
    zfs: --> Finished Dependency Resolution
    zfs:
    zfs: Dependencies Resolved
    zfs:
    zfs: ================================================================================
    zfs:  Package        Arch             Version                   Repository      Size
    zfs: ================================================================================
    zfs: Installing:
    zfs:  wget           x86_64           1.14-18.el7_6.1           base           547 k
    zfs:
    zfs: Transaction Summary
    zfs: ================================================================================
    zfs: Install  1 Package
    zfs:
    zfs: Total download size: 547 k
    zfs: Installed size: 2.0 M
    zfs: Downloading packages:
    zfs: Running transaction check
    zfs: Running transaction test
    zfs: Transaction test succeeded
    zfs: Running transaction
    zfs:   Installing : wget-1.14-18.el7_6.1.x86_64                                  1/1
    zfs:   Verifying  : wget-1.14-18.el7_6.1.x86_64                                  1/1
    zfs:
    zfs: Installed:
    zfs:   wget.x86_64 0:1.14-18.el7_6.1
    zfs:
    zfs: Complete!

n:\Linux ot\work_4_ZFS>vagrant ssh
[vagrant@zfs ~]$ sudo -i
[root@zfs ~]# lsblk
NAME   MAJ:MIN RM  SIZE RO TYPE MOUNTPOINT
sda      8:0    0   40G  0 disk
└─sda1   8:1    0   40G  0 part /
sdb      8:16   0  512M  0 disk
sdc      8:32   0  512M  0 disk
sdd      8:48   0  512M  0 disk
sde      8:64   0  512M  0 disk
sdf      8:80   0  512M  0 disk
sdg      8:96   0  512M  0 disk
sdh      8:112  0  512M  0 disk
sdi      8:128  0  512M  0 disk
[root@zfs ~]# zpool create otus1 mirror /dev/sdb /dev/sdc
[root@zfs ~]# zpool create otus2 mirror /dev/sdd /dev/sde
[root@zfs ~]# zpool create otus3 mirror /dev/sdf /dev/sdg
[root@zfs ~]# zpool create otus4 mirror /dev/sdh /dev/sdi
[root@zfs ~]# zpool list
NAME    SIZE  ALLOC   FREE  CKPOINT  EXPANDSZ   FRAG    CAP  DEDUP    HEALTH  ALTROOT
otus1   480M  91.5K   480M        -         -     0%     0%  1.00x    ONLINE  -
otus2   480M  91.5K   480M        -         -     0%     0%  1.00x    ONLINE  -
otus3   480M  91.5K   480M        -         -     0%     0%  1.00x    ONLINE  -
otus4   480M  91.5K   480M        -         -     0%     0%  1.00x    ONLINE  -
[root@zfs ~]# zpool status
  pool: otus1
 state: ONLINE
  scan: none requested
config:

        NAME        STATE     READ WRITE CKSUM
        otus1       ONLINE       0     0     0
          mirror-0  ONLINE       0     0     0
            sdb     ONLINE       0     0     0
            sdc     ONLINE       0     0     0

errors: No known data errors

  pool: otus2
 state: ONLINE
  scan: none requested
config:

        NAME        STATE     READ WRITE CKSUM
        otus2       ONLINE       0     0     0
          mirror-0  ONLINE       0     0     0
            sdd     ONLINE       0     0     0
            sde     ONLINE       0     0     0

errors: No known data errors

  pool: otus3
 state: ONLINE
  scan: none requested
config:

        NAME        STATE     READ WRITE CKSUM
        otus3       ONLINE       0     0     0
          mirror-0  ONLINE       0     0     0
            sdf     ONLINE       0     0     0
            sdg     ONLINE       0     0     0

errors: No known data errors

  pool: otus4
 state: ONLINE
  scan: none requested
config:

        NAME        STATE     READ WRITE CKSUM
        otus4       ONLINE       0     0     0
          mirror-0  ONLINE       0     0     0
            sdh     ONLINE       0     0     0
            sdi     ONLINE       0     0     0

errors: No known data errors
[root@zfs ~]# zfs set compression-lzjb otus1
cannot open 'compression-lzjb': dataset does not exist
[root@zfs ~]# zfs set compression=lzjb otus1
[root@zfs ~]# zfs set compression=lz4 otus2
[root@zfs ~]# zfs set compression=gzip-9 otus3
[root@zfs ~]# zfs set compression=zle otus4
[root@zfs ~]# zfs get all
NAME   PROPERTY              VALUE                  SOURCE
otus1  type                  filesystem             -
otus1  creation              Thu Jun  2 17:44 2022  -
otus1  used                  96K                    -
otus1  available             352M                   -
otus1  referenced            24K                    -
otus1  compressratio         1.00x                  -
otus1  mounted               yes                    -
otus1  quota                 none                   default
otus1  reservation           none                   default
otus1  recordsize            128K                   default
otus1  mountpoint            /otus1                 default
otus1  sharenfs              off                    default
otus1  checksum              on                     default
otus1  compression           lzjb                   local
otus1  atime                 on                     default
otus1  devices               on                     default
otus1  exec                  on                     default
otus1  setuid                on                     default
otus1  readonly              off                    default
otus1  zoned                 off                    default
otus1  snapdir               hidden                 default
otus1  aclinherit            restricted             default
otus1  createtxg             1                      -
otus1  canmount              on                     default
otus1  xattr                 on                     default
otus1  copies                1                      default
otus1  version               5                      -
otus1  utf8only              off                    -
otus1  normalization         none                   -
otus1  casesensitivity       sensitive              -
otus1  vscan                 off                    default
otus1  nbmand                off                    default
otus1  sharesmb              off                    default
otus1  refquota              none                   default
otus1  refreservation        none                   default
otus1  guid                  9695915562032219355    -
otus1  primarycache          all                    default
otus1  secondarycache        all                    default
otus1  usedbysnapshots       0B                     -
otus1  usedbydataset         24K                    -
otus1  usedbychildren        72K                    -
otus1  usedbyrefreservation  0B                     -
otus1  logbias               latency                default
otus1  objsetid              54                     -
otus1  dedup                 off                    default
otus1  mlslabel              none                   default
otus1  sync                  standard               default
otus1  dnodesize             legacy                 default
otus1  refcompressratio      1.00x                  -
otus1  written               24K                    -
otus1  logicalused           36K                    -
otus1  logicalreferenced     12K                    -
otus1  volmode               default                default
otus1  filesystem_limit      none                   default
otus1  snapshot_limit        none                   default
otus1  filesystem_count      none                   default
otus1  snapshot_count        none                   default
otus1  snapdev               hidden                 default
otus1  acltype               off                    default
otus1  context               none                   default
otus1  fscontext             none                   default
otus1  defcontext            none                   default
otus1  rootcontext           none                   default
otus1  relatime              off                    default
otus1  redundant_metadata    all                    default
otus1  overlay               off                    default
otus1  encryption            off                    default
otus1  keylocation           none                   default
otus1  keyformat             none                   default
otus1  pbkdf2iters           0                      default
otus1  special_small_blocks  0                      default
otus2  type                  filesystem             -
otus2  creation              Thu Jun  2 17:44 2022  -
otus2  used                  96K                    -
otus2  available             352M                   -
otus2  referenced            24K                    -
otus2  compressratio         1.00x                  -
otus2  mounted               yes                    -
otus2  quota                 none                   default
otus2  reservation           none                   default
otus2  recordsize            128K                   default
otus2  mountpoint            /otus2                 default
otus2  sharenfs              off                    default
otus2  checksum              on                     default
otus2  compression           lz4                    local
otus2  atime                 on                     default
otus2  devices               on                     default
otus2  exec                  on                     default
otus2  setuid                on                     default
otus2  readonly              off                    default
otus2  zoned                 off                    default
otus2  snapdir               hidden                 default
otus2  aclinherit            restricted             default
otus2  createtxg             1                      -
otus2  canmount              on                     default
otus2  xattr                 on                     default
otus2  copies                1                      default
otus2  version               5                      -
otus2  utf8only              off                    -
otus2  normalization         none                   -
otus2  casesensitivity       sensitive              -
otus2  vscan                 off                    default
otus2  nbmand                off                    default
otus2  sharesmb              off                    default
otus2  refquota              none                   default
otus2  refreservation        none                   default
otus2  guid                  16907938988377766331   -
otus2  primarycache          all                    default
otus2  secondarycache        all                    default
otus2  usedbysnapshots       0B                     -
otus2  usedbydataset         24K                    -
otus2  usedbychildren        72K                    -
otus2  usedbyrefreservation  0B                     -
otus2  logbias               latency                default
otus2  objsetid              54                     -
otus2  dedup                 off                    default
otus2  mlslabel              none                   default
otus2  sync                  standard               default
otus2  dnodesize             legacy                 default
otus2  refcompressratio      1.00x                  -
otus2  written               24K                    -
otus2  logicalused           36K                    -
otus2  logicalreferenced     12K                    -
otus2  volmode               default                default
otus2  filesystem_limit      none                   default
otus2  snapshot_limit        none                   default
otus2  filesystem_count      none                   default
otus2  snapshot_count        none                   default
otus2  snapdev               hidden                 default
otus2  acltype               off                    default
otus2  context               none                   default
otus2  fscontext             none                   default
otus2  defcontext            none                   default
otus2  rootcontext           none                   default
otus2  relatime              off                    default
otus2  redundant_metadata    all                    default
otus2  overlay               off                    default
otus2  encryption            off                    default
otus2  keylocation           none                   default
otus2  keyformat             none                   default
otus2  pbkdf2iters           0                      default
otus2  special_small_blocks  0                      default
otus3  type                  filesystem             -
otus3  creation              Thu Jun  2 17:45 2022  -
otus3  used                  96K                    -
otus3  available             352M                   -
otus3  referenced            24K                    -
otus3  compressratio         1.00x                  -
otus3  mounted               yes                    -
otus3  quota                 none                   default
otus3  reservation           none                   default
otus3  recordsize            128K                   default
otus3  mountpoint            /otus3                 default
otus3  sharenfs              off                    default
otus3  checksum              on                     default
otus3  compression           gzip-9                 local
otus3  atime                 on                     default
otus3  devices               on                     default
otus3  exec                  on                     default
otus3  setuid                on                     default
otus3  readonly              off                    default
otus3  zoned                 off                    default
otus3  snapdir               hidden                 default
otus3  aclinherit            restricted             default
otus3  createtxg             1                      -
otus3  canmount              on                     default
otus3  xattr                 on                     default
otus3  copies                1                      default
otus3  version               5                      -
otus3  utf8only              off                    -
otus3  normalization         none                   -
otus3  casesensitivity       sensitive              -
otus3  vscan                 off                    default
otus3  nbmand                off                    default
otus3  sharesmb              off                    default
otus3  refquota              none                   default
otus3  refreservation        none                   default
otus3  guid                  6752113225499412338    -
otus3  primarycache          all                    default
otus3  secondarycache        all                    default
otus3  usedbysnapshots       0B                     -
otus3  usedbydataset         24K                    -
otus3  usedbychildren        72K                    -
otus3  usedbyrefreservation  0B                     -
otus3  logbias               latency                default
otus3  objsetid              54                     -
otus3  dedup                 off                    default
otus3  mlslabel              none                   default
otus3  sync                  standard               default
otus3  dnodesize             legacy                 default
otus3  refcompressratio      1.00x                  -
otus3  written               24K                    -
otus3  logicalused           36K                    -
otus3  logicalreferenced     12K                    -
otus3  volmode               default                default
otus3  filesystem_limit      none                   default
otus3  snapshot_limit        none                   default
otus3  filesystem_count      none                   default
otus3  snapshot_count        none                   default
otus3  snapdev               hidden                 default
otus3  acltype               off                    default
otus3  context               none                   default
otus3  fscontext             none                   default
otus3  defcontext            none                   default
otus3  rootcontext           none                   default
otus3  relatime              off                    default
otus3  redundant_metadata    all                    default
otus3  overlay               off                    default
otus3  encryption            off                    default
otus3  keylocation           none                   default
otus3  keyformat             none                   default
otus3  pbkdf2iters           0                      default
otus3  special_small_blocks  0                      default
otus4  type                  filesystem             -
otus4  creation              Thu Jun  2 17:45 2022  -
otus4  used                  96K                    -
otus4  available             352M                   -
otus4  referenced            24K                    -
otus4  compressratio         1.00x                  -
otus4  mounted               yes                    -
otus4  quota                 none                   default
otus4  reservation           none                   default
otus4  recordsize            128K                   default
otus4  mountpoint            /otus4                 default
otus4  sharenfs              off                    default
otus4  checksum              on                     default
otus4  compression           zle                    local
otus4  atime                 on                     default
otus4  devices               on                     default
otus4  exec                  on                     default
otus4  setuid                on                     default
otus4  readonly              off                    default
otus4  zoned                 off                    default
otus4  snapdir               hidden                 default
otus4  aclinherit            restricted             default
otus4  createtxg             1                      -
otus4  canmount              on                     default
otus4  xattr                 on                     default
otus4  copies                1                      default
otus4  version               5                      -
otus4  utf8only              off                    -
otus4  normalization         none                   -
otus4  casesensitivity       sensitive              -
otus4  vscan                 off                    default
otus4  nbmand                off                    default
otus4  sharesmb              off                    default
otus4  refquota              none                   default
otus4  refreservation        none                   default
otus4  guid                  13014253945518218839   -
otus4  primarycache          all                    default
otus4  secondarycache        all                    default
otus4  usedbysnapshots       0B                     -
otus4  usedbydataset         24K                    -
otus4  usedbychildren        72K                    -
otus4  usedbyrefreservation  0B                     -
otus4  logbias               latency                default
otus4  objsetid              54                     -
otus4  dedup                 off                    default
otus4  mlslabel              none                   default
otus4  sync                  standard               default
otus4  dnodesize             legacy                 default
otus4  refcompressratio      1.00x                  -
otus4  written               24K                    -
otus4  logicalused           36K                    -
otus4  logicalreferenced     12K                    -
otus4  volmode               default                default
otus4  filesystem_limit      none                   default
otus4  snapshot_limit        none                   default
otus4  filesystem_count      none                   default
otus4  snapshot_count        none                   default
otus4  snapdev               hidden                 default
otus4  acltype               off                    default
otus4  context               none                   default
otus4  fscontext             none                   default
otus4  defcontext            none                   default
otus4  rootcontext           none                   default
otus4  relatime              off                    default
otus4  redundant_metadata    all                    default
otus4  overlay               off                    default
otus4  encryption            off                    default
otus4  keylocation           none                   default
otus4  keyformat             none                   default
otus4  pbkdf2iters           0                      default
otus4  special_small_blocks  0                      default
[root@zfs ~]# zfs get all |grep compression
otus1  compression           lzjb                   local
otus2  compression           lz4                    local
otus3  compression           gzip-9                 local
otus4  compression           zle                    local

[root@zfs ~]# for i in {1..4}; do wget -P /otus$i https://gutenberg.org/cache/epub/2600/pg2600.converter.log; done
--2022-06-02 17:57:12--  https://gutenberg.org/cache/epub/2600/pg2600.converter.log
Resolving gutenberg.org (gutenberg.org)... 152.19.134.47, 2610:28:3090:3000:0:bad:cafe:47
Connecting to gutenberg.org (gutenberg.org)|152.19.134.47|:443... connected.
HTTP request sent, awaiting response... 200 OK
Length: 40817341 (39M) [text/plain]
Saving to: ‘/otus1/pg2600.converter.log’

100%[=========================================================================>] 40,817,341   117KB/s   in 12m 42s

2022-06-02 18:09:55 (52.3 KB/s) - ‘/otus1/pg2600.converter.log’ saved [40817341/40817341]

--2022-06-02 18:09:55--  https://gutenberg.org/cache/epub/2600/pg2600.converter.log
Resolving gutenberg.org (gutenberg.org)... 152.19.134.47, 2610:28:3090:3000:0:bad:cafe:47
Connecting to gutenberg.org (gutenberg.org)|152.19.134.47|:443... connected.
HTTP request sent, awaiting response... 200 OK
Length: 40817341 (39M) [text/plain]
Saving to: ‘/otus2/pg2600.converter.log’

100%[=========================================================================>] 40,817,341  97.5KB/s   in 8m 23s

2022-06-02 18:18:19 (79.2 KB/s) - ‘/otus2/pg2600.converter.log’ saved [40817341/40817341]

--2022-06-02 18:18:19--  https://gutenberg.org/cache/epub/2600/pg2600.converter.log
Resolving gutenberg.org (gutenberg.org)... 152.19.134.47, 2610:28:3090:3000:0:bad:cafe:47
Connecting to gutenberg.org (gutenberg.org)|152.19.134.47|:443... connected.
HTTP request sent, awaiting response... 200 OK
Length: 40817341 (39M) [text/plain]
Saving to: ‘/otus3/pg2600.converter.log’

100%[=========================================================================>] 40,817,341  69.5KB/s   in 5m 1s

2022-06-02 18:23:21 (133 KB/s) - ‘/otus3/pg2600.converter.log’ saved [40817341/40817341]

--2022-06-02 18:23:21--  https://gutenberg.org/cache/epub/2600/pg2600.converter.log
Resolving gutenberg.org (gutenberg.org)... 152.19.134.47, 2610:28:3090:3000:0:bad:cafe:47
Connecting to gutenberg.org (gutenberg.org)|152.19.134.47|:443... connected.
HTTP request sent, awaiting response... 200 OK
Length: 40817341 (39M) [text/plain]
Saving to: ‘/otus4/pg2600.converter.log’

100%[=========================================================================>] 40,817,341   152KB/s   in 6m 47s

2022-06-02 18:30:10 (97.8 KB/s) - ‘/otus4/pg2600.converter.log’ saved [40817341/40817341]

[root@zfs ~]# ls -l /otus*
/otus1:
total 22023
-rw-r--r--. 1 root root 40817341 Jun  2 08:39 pg2600.converter.log

/otus2:
total 17975
-rw-r--r--. 1 root root 40817341 Jun  2 08:39 pg2600.converter.log

/otus3:
total 10950
-rw-r--r--. 1 root root 40817341 Jun  2 08:39 pg2600.converter.log

/otus4:
total 39890
-rw-r--r--. 1 root root 40817341 Jun  2 08:39 pg2600.converter.log
[root@zfs ~]# zfs list
NAME    USED  AVAIL     REFER  MOUNTPOINT
otus1  21.8M   330M     21.5M  /otus1
otus2  17.8M   334M     17.6M  /otus2
otus3  10.9M   341M     10.7M  /otus3
otus4  39.2M   313M     39.0M  /otus4
[root@zfs ~]# zfs get all |grep compressratio |grep -v ref
otus1  compressratio         1.81x                  -
otus2  compressratio         2.21x                  -
otus3  compressratio         3.63x                  -
otus4  compressratio         1.00x                  -

[root@zfs ~]# wget -O archive.tar.gz --no-check-certificate "https://drive.google.com/u/0/uc?id=1KRBNW33QWqbvbVHa3hLJivOAt60yukkg&e xport=download"
--2022-06-02 21:11:51--  https://drive.google.com/u/0/uc?id=1KRBNW33QWqbvbVHa3hLJivOAt60yukkg&e%20xport=download
Resolving drive.google.com (drive.google.com)... 172.217.168.206, 2a00:1450:400e:80c::200e
Connecting to drive.google.com (drive.google.com)|172.217.168.206|:443... connected.
HTTP request sent, awaiting response... 302 Found
Location: https://drive.google.com/uc?id=1KRBNW33QWqbvbVHa3hLJivOAt60yukkg&e+xport=download [following]
--2022-06-02 21:11:52--  https://drive.google.com/uc?id=1KRBNW33QWqbvbVHa3hLJivOAt60yukkg&e+xport=download
Reusing existing connection to drive.google.com:443.
HTTP request sent, awaiting response... 303 See Other
Location: https://doc-0c-bo-docs.googleusercontent.com/docs/securesc/ha0ro937gcuc7l7deffksulhg5h7mbp1/4mehlfim84v3qkd7u2jhakfg62ncjndp/1654246575000/16189157874053420687/*/1KRBNW33QWqbvbVHa3hLJivOAt60yukkg [following]
Warning: wildcards not supported in HTTP.
--2022-06-02 21:11:57--  https://doc-0c-bo-docs.googleusercontent.com/docs/securesc/ha0ro937gcuc7l7deffksulhg5h7mbp1/4mehlfim84v3qkd7u2jhakfg62ncjndp/1654246575000/16189157874053420687/*/1KRBNW33QWqbvbVHa3hLJivOAt60yukkg
Resolving doc-0c-bo-docs.googleusercontent.com (doc-0c-bo-docs.googleusercontent.com)... 172.217.168.193, 2a00:1450:400e:80c::2001
Connecting to doc-0c-bo-docs.googleusercontent.com (doc-0c-bo-docs.googleusercontent.com)|172.217.168.193|:443... connected.
HTTP request sent, awaiting response... 200 OK
Length: 7275140 (6.9M) [application/x-gzip]
Saving to: ‘archive.tar.gz’

100%[=========================================================================>] 7,275,140   5.38MB/s   in 1.3s

2022-06-02 21:11:59 (5.38 MB/s) - ‘archive.tar.gz’ saved [7275140/7275140]

[root@zfs ~]# tar -xzvf archive.tar.gz
zpoolexport/
zpoolexport/filea
zpoolexport/fileb
[root@zfs ~]# zpool import -d zpoolexport/
   pool: otus
     id: 6554193320433390805
  state: ONLINE
 action: The pool can be imported using its name or numeric identifier.
 config:

        otus                         ONLINE
          mirror-0                   ONLINE
            /root/zpoolexport/filea  ONLINE
            /root/zpoolexport/fileb  ONLINE
[root@zfs ~]# zpool import -d zpoolexport/ otus
[root@zfs ~]# zpool list
NAME    SIZE  ALLOC   FREE  CKPOINT  EXPANDSZ   FRAG    CAP  DEDUP    HEALTH  ALTROOT
otus    480M  2.18M   478M        -         -     0%     0%  1.00x    ONLINE  -
otus1   480M  21.9M   458M        -         -     2%     4%  1.00x    ONLINE  -
otus2   480M  17.9M   462M        -         -     2%     3%  1.00x    ONLINE  -
otus3   480M  10.9M   469M        -         -     0%     2%  1.00x    ONLINE  -
otus4   480M  39.2M   441M        -         -     2%     8%  1.00x    ONLINE  -
[root@zfs ~]# zpool status
  pool: otus
 state: ONLINE
  scan: none requested
config:

        NAME                         STATE     READ WRITE CKSUM
        otus                         ONLINE       0     0     0
          mirror-0                   ONLINE       0     0     0
            /root/zpoolexport/filea  ONLINE       0     0     0
            /root/zpoolexport/fileb  ONLINE       0     0     0

errors: No known data errors

  pool: otus1
 state: ONLINE
  scan: none requested
config:

        NAME        STATE     READ WRITE CKSUM
[root@zfs ~]#
          mirror-0  ONLINE       0     0     0
            sdb     ONLINE       0     0     0
            sdc     ONLINE       0     0     0

errors: No known data errors

  pool: otus2
 state: ONLINE
  scan: none requested
config:

        NAME        STATE     READ WRITE CKSUM
        otus2       ONLINE       0     0     0
          mirror-0  ONLINE       0     0     0
            sdd     ONLINE       0     0     0
            sde     ONLINE       0     0     0

errors: No known data errors

  pool: otus3
 state: ONLINE
  scan: none requested
config:

        NAME        STATE     READ WRITE CKSUM
        otus3       ONLINE       0     0     0
          mirror-0  ONLINE       0     0     0
            sdf     ONLINE       0     0     0
            sdg     ONLINE       0     0     0

errors: No known data errors

  pool: otus4
 state: ONLINE
  scan: none requested
config:

        NAME        STATE     READ WRITE CKSUM
        otus4       ONLINE       0     0     0
          mirror-0  ONLINE       0     0     0
            sdh     ONLINE       0     0     0
            sdi     ONLINE       0     0     0

errors: No known data errors
[root@zfs ~]# zpool get all otus
NAME  PROPERTY                       VALUE                          SOURCE
otus  size                           480M                           -
otus  capacity                       0%                             -
otus  altroot                        -                              default
otus  health                         ONLINE                         -
otus  guid                           6554193320433390805            -
otus  version                        -                              default
otus  bootfs                         -                              default
otus  delegation                     on                             default
otus  autoreplace                    off                            default
[root@zfs ~]#
otus  failmode                       wait                           default
otus  listsnapshots                  off                            default
otus  autoexpand                     off                            default
otus  dedupditto                     0                              default
otus  dedupratio                     1.00x                          -
otus  free                           478M                           -
otus  allocated                      2.09M                          -
otus  readonly                       off                            -
otus  ashift                         0                              default
otus  comment                        -                              default
otus  expandsize                     -                              -
otus  freeing                        0                              -
otus  fragmentation                  0%                             -
otus  leaked                         0                              -
otus  multihost                      off                            default
otus  checkpoint                     -                              -
otus  load_guid                      6186466677158726343            -
otus  autotrim                       off                            default
[root@zfs ~]#
otus  feature@empty_bpobj            active                         local
otus  feature@lz4_compress           active                         local
otus  feature@multi_vdev_crash_dump  enabled                        local
otus  feature@spacemap_histogram     active                         local
otus  feature@enabled_txg            active                         local
otus  feature@hole_birth             active                         local
otus  feature@extensible_dataset     active                         local
otus  feature@embedded_data          active                         local
otus  feature@bookmarks              enabled                        local
otus  feature@filesystem_limits      enabled                        local
otus  feature@large_blocks           enabled                        local
otus  feature@large_dnode            enabled                        local
otus  feature@sha512                 enabled                        local
otus  feature@skein                  enabled                        local
otus  feature@edonr                  enabled                        local
otus  feature@userobj_accounting     active                         local
otus  feature@encryption             enabled                        local
otus  feature@project_quota          active                         local
otus  feature@device_removal         enabled                        local
otus  feature@obsolete_counts        enabled                        local
otus  feature@zpool_checkpoint       enabled                        local
otus  feature@spacemap_v2            active                         local
otus  feature@allocation_classes     enabled                        local
otus  feature@resilver_defer         enabled                        local
otus  feature@bookmark_v2            enabled                        local
[root@zfs ~]# zfs get all otus
NAME  PROPERTY              VALUE                  SOURCE
otus  type                  filesystem             -
otus  creation              Fri May 15  4:00 2020  -
otus  used                  2.04M                  -
otus  available             350M                   -
otus  referenced            24K                    -
otus  compressratio         1.00x                  -
otus  mounted               yes                    -
otus  quota                 none                   default
otus  reservation           none                   default
otus  recordsize            128K                   local
otus  mountpoint            /otus                  default
otus  sharenfs              off                    default
otus  checksum              sha256                 local
otus  compression           zle                    local
otus  atime                 on                     default
otus  devices               on                     default
[root@zfs ~]#
otus  setuid                on                     default
otus  readonly              off                    default
otus  zoned                 off                    default
otus  snapdir               hidden                 default
otus  aclinherit            restricted             default
otus  createtxg             1                      -
otus  canmount              on                     default
otus  xattr                 on                     default
otus  copies                1                      default
otus  version               5                      -
otus  utf8only              off                    -
otus  normalization         none                   -
otus  casesensitivity       sensitive              -
otus  vscan                 off                    default
otus  nbmand                off                    default
otus  sharesmb              off                    default
otus  refquota              none                   default
otus  refreservation        none                   default
otus  guid                  14592242904030363272   -
otus  primarycache          all                    default
otus  secondarycache        all                    default
otus  usedbysnapshots       0B                     -
otus  usedbydataset         24K                    -
otus  usedbychildren        2.01M                  -
otus  usedbyrefreservation  0B                     -
otus  logbias               latency                default
otus  objsetid              54                     -
otus  dedup                 off                    default
otus  mlslabel              none                   default
otus  sync                  standard               default
otus  dnodesize             legacy                 default
otus  refcompressratio      1.00x                  -
otus  written               24K                    -
otus  logicalused           1020K                  -
otus  logicalreferenced     12K                    -
otus  volmode               default                default
otus  filesystem_limit      none                   default
otus  snapshot_limit        none                   default
otus  filesystem_count      none                   default
otus  snapshot_count        none                   default
otus  snapdev               hidden                 default
otus  acltype               off                    default
otus  context               none                   default
otus  fscontext             none                   default
otus  defcontext            none                   default
otus  rootcontext           none                   default
otus  relatime              off                    default
otus  redundant_metadata    all                    default
otus  overlay               off                    default
otus  encryption            off                    default
otus  keylocation           none                   default
otus  keyformat             none                   default
otus  pbkdf2iters           0                      default
otus  special_small_blocks  0                      default
[root@zfs ~]# zfs get available otus
NAME  PROPERTY   VALUE  SOURCE
otus  available  350M   -
[root@zfs ~]# zfs get readonly otus
NAME  PROPERTY  VALUE   SOURCE
otus  readonly  off     default
[root@zfs ~]# zfs get recordsize otus
NAME  PROPERTY    VALUE    SOURCE
otus  recordsize  128K     local
[root@zfs ~]# zfs get compression otus
NAME  PROPERTY     VALUE     SOURCE
otus  compression  zle       local
[root@zfs ~]# zfs get checksum otus
NAME  PROPERTY  VALUE      SOURCE
otus  checksum  sha256     local
[root@zfs ~]# wget -O otus_task2.file --no-check-certificate "https://drive.google.com/u/0/uc?id=1gH8gCL9y7Nd5Ti3IRmplZPF1XjzxeRAG&e xport=download"
--2022-06-02 23:21:48--  https://drive.google.com/u/0/uc?id=1gH8gCL9y7Nd5Ti3IRmplZPF1XjzxeRAG&e%20xport=download
Resolving drive.google.com (drive.google.com)... 172.217.168.206, 2a00:1450:400e:80c::200e
Connecting to drive.google.com (drive.google.com)|172.217.168.206|:443... connected.
HTTP request sent, awaiting response... 302 Found
Location: https://drive.google.com/uc?id=1gH8gCL9y7Nd5Ti3IRmplZPF1XjzxeRAG&e+xport=download [following]
--2022-06-02 23:21:49--  https://drive.google.com/uc?id=1gH8gCL9y7Nd5Ti3IRmplZPF1XjzxeRAG&e+xport=download
Reusing existing connection to drive.google.com:443.
HTTP request sent, awaiting response... 303 See Other
Location: https://doc-00-bo-docs.googleusercontent.com/docs/securesc/ha0ro937gcuc7l7deffksulhg5h7mbp1/mkvmsopvodoso5i37pes5sg603ot68lp/1654261200000/16189157874053420687/*/1gH8gCL9y7Nd5Ti3IRmplZPF1XjzxeRAG [following]
Warning: wildcards not supported in HTTP.
--2022-06-02 23:21:54--  https://doc-00-bo-docs.googleusercontent.com/docs/securesc/ha0ro937gcuc7l7deffksulhg5h7mbp1/mkvmsopvodoso5i37pes5sg603ot68lp/1654261200000/16189157874053420687/*/1gH8gCL9y7Nd5Ti3IRmplZPF1XjzxeRAG
Resolving doc-00-bo-docs.googleusercontent.com (doc-00-bo-docs.googleusercontent.com)... 172.217.168.193, 2a00:1450:400e:80c::2001
Connecting to doc-00-bo-docs.googleusercontent.com (doc-00-bo-docs.googleusercontent.com)|172.217.168.193|:443... connected.
HTTP request sent, awaiting response... 200 OK
Length: 5432736 (5.2M) [application/octet-stream]
Saving to: ‘otus_task2.file’

100%[=============================================================================================================================>] 5,432,736   4.46MB/s   in 1.2s

2022-06-02 23:21:56 (4.46 MB/s) - ‘otus_task2.file’ saved [5432736/5432736]

[1]+  Exit 1                  wget -O otus_task2.file --no-check-certificate //drive.google.com/u/0/uc?id=1gH8gCL9y7Nd5Ti3IRmplZPF1XjzxeRAG
[root@zfs ~]# zfs receive otus/test@today < otus_task2.file
[root@zfs ~]# find /otus/test -name "secret_message"
/otus/test/task1/file_mess/secret_message
[root@zfs ~]# cat /otus/test//task1/file_mess/secret_message
https://github.com/sindresorhus/awesome
[root@zfs ~]#